[2021-12-05 23:18:20] local.INFO: Inicio de sesion  
[2021-12-05 23:18:30] local.INFO: Obtencion de archivos  
[2021-12-05 23:18:30] local.INFO: Archivo 1 ingresado correctamente  
[2021-12-05 23:18:30] local.INFO: Su archivo no es documento de texto, vuelva a intentarlo  
[2021-12-05 23:18:44] local.INFO: Obtencion de archivos  
[2021-12-05 23:18:44] local.INFO: Archivo 1 ingresado correctamente  
[2021-12-05 23:18:44] local.INFO: Su archivo es un documento de texto  
[2021-12-05 23:18:44] local.INFO: Documento de texto guardado correctamente  
[2021-12-05 23:18:44] local.INFO: Archivo 2 ingresado correctamente  
[2021-12-05 23:18:44] local.INFO: Su archivo es un documento de texto  
[2021-12-05 23:18:44] local.INFO: Documento de texto guardado correctamente  
[2021-12-05 23:18:44] local.INFO: lectura de archivo iniciada  
[2021-12-05 23:18:44] local.INFO: Punto 1: 10 6  
[2021-12-05 23:18:44] local.INFO: Punto 2: -1 -96  
[2021-12-05 23:18:44] local.INFO: Punto 3: 60 13  
[2021-12-05 23:18:44] local.INFO: Punto 4: 20 300  
[2021-12-05 23:18:44] local.INFO: cordenadas de c: -2 77  
[2021-12-05 23:18:44] local.INFO: cordenadas de c: 5 48  
[2021-12-05 23:18:44] local.INFO: cordenadas de c: 90 -7590068  
[2021-12-05 23:18:44] local.INFO: lectura de archivo iniciada  
[2021-12-05 23:18:44] local.INFO: demandas: 1 1  
[2021-12-05 23:18:44] local.INFO: cantidad de demanda: 230  
[2021-12-05 23:18:44] local.INFO: demandas: 1 2  
[2021-12-05 23:18:44] local.INFO: cantidad de demanda: 391  
[2021-12-05 23:18:44] local.INFO: demandas: 3 1  
[2021-12-05 23:18:44] local.INFO: cantidad de demanda: 21  
[2021-12-05 23:18:44] local.INFO: Distancia calculada  
[2021-12-05 23:18:44] local.INFO: Distancia calculada  
[2021-12-05 23:18:44] local.INFO: Distancia calculada  
[2021-12-05 23:18:44] local.INFO: Distancia calculada  
[2021-12-05 23:18:44] local.INFO: Demandas ordenadas  
[2021-12-05 23:18:44] local.INFO: Demandas separadas  
[2021-12-05 23:18:44] local.INFO: Demandas ordenadas  
[2021-12-05 23:18:44] local.INFO: Distancia calculada  
[2021-12-05 23:18:44] local.INFO: Caminos generados  
[2021-12-05 23:18:44] local.INFO: Demandas ordenadas  
[2021-12-05 23:18:44] local.INFO: Caminos generados  
[2021-12-05 23:18:44] local.INFO: Resultados generados, imprimiendo  
[2021-12-05 23:19:00] local.INFO: Obtencion de archivos  
[2021-12-05 23:19:00] local.INFO: Archivo 1 ingresado correctamente  
[2021-12-05 23:19:00] local.INFO: Su archivo no es documento de texto, vuelva a intentarlo  
[2021-12-05 23:20:15] local.INFO: Inicio de sesion  
[2021-12-05 23:20:23] local.INFO: Obtencion de archivos  
[2021-12-05 23:20:23] local.INFO: Archivo 1 ingresado correctamente  
[2021-12-05 23:20:23] local.INFO: Su archivo no es documento de texto, vuelva a intentarlo  
[2021-12-05 23:20:41] local.INFO: Obtencion de archivos  
[2021-12-05 23:20:41] local.INFO: Archivo 1 ingresado correctamente  
[2021-12-05 23:20:41] local.INFO: Su archivo es un documento de texto  
[2021-12-05 23:20:41] local.INFO: Documento de texto guardado correctamente  
[2021-12-05 23:20:41] local.INFO: Archivo 2 ingresado correctamente  
[2021-12-05 23:20:41] local.INFO: Su archivo es un documento de texto  
[2021-12-05 23:20:41] local.INFO: Documento de texto guardado correctamente  
[2021-12-05 23:20:41] local.INFO: lectura de archivo iniciada  
[2021-12-05 23:20:41] local.ERROR: FALLA EN EL INGRESO DE DATO N1  
[2021-12-05 23:20:41] local.ERROR: FALLA EN EL INGRESO DE DATO N2  
[2021-12-05 23:20:41] local.ERROR: FALLA EN EL INGRESO DE DATO N3  
[2021-12-05 23:20:41] local.ERROR: FALLA EN EL INGRESO DE DATO N4  
[2021-12-05 23:20:42] local.ERROR: Uninitialized string offset 65 {"view":{"view":"C:\\xampp\\htdocs\\GyL4\\Trabajofinal\esources\\views\\manejoarchivo.php","data":[]},"exception":"[object] (Facade\\Ignition\\Exceptions\\ViewException(code: 0): Uninitialized string offset 65 at C:\\xampp\\htdocs\\GyL4\\Trabajofinal\esources\\views\\manejoarchivo.php:65)
[stacktrace]
#0 C:\\xampp\\htdocs\\GyL4\\Trabajofinal\\vendor\\laravel\\framework\\src\\Illuminate\\View\\Engines\\PhpEngine.php(60): Facade\\Ignition\\Views\\Engines\\PhpEngine->handleViewException(Object(ErrorException), 1)
#1 C:\\xampp\\htdocs\\GyL4\\Trabajofinal\\vendor\\laravel\\framework\\src\\Illuminate\\View\\Engines\\PhpEngine.php(38): Illuminate\\View\\Engines\\PhpEngine->evaluatePath('C:\\\\xampp\\\\htdocs...', Array)
#2 C:\\xampp\\htdocs\\GyL4\\Trabajofinal\\vendor\\facade\\ignition\\src\\Views\\Engines\\PhpEngine.php(25): Illuminate\\View\\Engines\\PhpEngine->get('C:\\\\xampp\\\\htdocs...', Array)
#3 C:\\xampp\\htdocs\\GyL4\\Trabajofinal\\vendor\\laravel\\framework\\src\\Illuminate\\View\\View.php(139): Facade\\Ignition\\Views\\Engines\\PhpEngine->get('C:\\\\xampp\\\\htdocs...', Array)
#4 C:\\xampp\\htdocs\\GyL4\\Trabajofinal\\vendor\\laravel\\framework\\src\\Illuminate\\View\\View.php(122): Illuminate\\View\\View->getContents()
#5 C:\\xampp\\htdocs\\GyL4\\Trabajofinal\\vendor\\laravel\\framework\\src\\Illuminate\\View\\View.php(91): Illuminate\\View\\View->renderContents()
#6 C:\\xampp\\htdocs\\GyL4\\Trabajofinal\\vendor\\laravel\\framework\\src\\Illuminate\\Http\\Response.php(69): Illuminate\\View\\View->render()
#7 C:\\xampp\\htdocs\\GyL4\\Trabajofinal\\vendor\\laravel\\framework\\src\\Illuminate\\Http\\Response.php(35): Illuminate\\Http\\Response->setContent(Object(Illuminate\\View\\View))
#8 C:\\xampp\\htdocs\\GyL4\\Trabajofinal\\vendor\\laravel\\framework\\src\\Illuminate\\Routing\\Router.php(794): Illuminate\\Http\\Response->__construct(Object(Illuminate\\View\\View), 200, Array)
#9 C:\\xampp\\htdocs\\GyL4\\Trabajofinal\\vendor\\laravel\\framework\\src\\Illuminate\\Routing\\Router.php(763): Illuminate\\Routing\\Router::toResponse(Object(Illuminate\\Http\\Request), Object(Illuminate\\View\\View))
#10 C:\\xampp\\htdocs\\GyL4\\Trabajofinal\\vendor\\laravel\\framework\\src\\Illuminate\\Routing\\Router.php(695): Illuminate\\Routing\\Router->prepareResponse(Object(Illuminate\\Http\\Request), Object(Illuminate\\View\\View))
#11 C:\\xampp\\htdocs\\GyL4\\Trabajofinal\\vendor\\laravel\\framework\\src\\Illuminate\\Pipeline\\Pipeline.php(128): Illuminate\\Routing\\Router->Illuminate\\Routing\\{closure}(Object(Illuminate\\Http\\Request))
#12 C:\\xampp\\htdocs\\GyL4\\Trabajofinal\\vendor\\laravel\\framework\\src\\Illuminate\\Routing\\Middleware\\SubstituteBindings.php(50): Illuminate\\Pipeline\\Pipeline->Illuminate\\Pipeline\\{closure}(Object(Illuminate\\Http\\Request))
#13 C:\\xampp\\htdocs\\GyL4\\Trabajofinal\\vendor\\laravel\\framework\\src\\Illuminate\\Pipeline\\Pipeline.php(167): Illuminate\\Routing\\Middleware\\SubstituteBindings->handle(Object(Illuminate\\Http\\Request), Object(Closure))
#14 C:\\xampp\\htdocs\\GyL4\\Trabajofinal\\vendor\\laravel\\framework\\src\\Illuminate\\Foundation\\Http\\Middleware\\VerifyCsrfToken.php(78): Illuminate\\Pipeline\\Pipeline->Illuminate\\Pipeline\\{closure}(Object(Illuminate\\Http\\Request))
#15 C:\\xampp\\htdocs\\GyL4\\Trabajofinal\\vendor\\laravel\\framework\\src\\Illuminate\\Pipeline\\Pipeline.php(167): Illuminate\\Foundation\\Http\\Middleware\\VerifyCsrfToken->handle(Object(Illuminate\\Http\\Request), Object(Closure))
#16 C:\\xampp\\htdocs\\GyL4\\Trabajofinal\\vendor\\laravel\\framework\\src\\Illuminate\\View\\Middleware\\ShareErrorsFromSession.php(49): Illuminate\\Pipeline\\Pipeline->Illuminate\\Pipeline\\{closure}(Object(Illuminate\\Http\\Request))
#17 C:\\xampp\\htdocs\\GyL4\\Trabajofinal\\vendor\\laravel\\framework\\src\\Illuminate\\Pipeline\\Pipeline.php(167): Illuminate\\View\\Middleware\\ShareErrorsFromSession->handle(Object(Illuminate\\Http\\Request), Object(Closure))
#18 C:\\xampp\\htdocs\\GyL4\\Trabajofinal\\vendor\\laravel\\framework\\src\\Illuminate\\Session\\Middleware\\StartSession.php(121): Illuminate\\Pipeline\\Pipeline->Illuminate\\Pipeline\\{closure}(Object(Illuminate\\Http\\Request))
#19 C:\\xampp\\htdocs\\GyL4\\Trabajofinal\\vendor\\laravel\\framework\\src\\Illuminate\\Session\\Middleware\\StartSession.php(64): Illuminate\\Session\\Middleware\\StartSession->handleStatefulRequest(Object(Illuminate\\Http\\Request), Object(Illuminate\\Session\\Store), Object(Closure))
#20 C:\\xampp\\htdocs\\GyL4\\Trabajofinal\\vendor\\laravel\\framework\\src\\Illuminate\\Pipeline\\Pipeline.php(167): Illuminate\\Session\\Middleware\\StartSession->handle(Object(Illuminate\\Http\\Request), Object(Closure))
#21 C:\\xampp\\htdocs\\GyL4\\Trabajofinal\\vendor\\laravel\\framework\\src\\Illuminate\\Cookie\\Middleware\\AddQueuedCookiesToResponse.php(37): Illuminate\\Pipeline\\Pipeline->Illuminate\\Pipeline\\{closure}(Object(Illuminate\\Http\\Request))
#22 C:\\xampp\\htdocs\\GyL4\\Trabajofinal\\vendor\\laravel\\framework\\src\\Illuminate\\Pipeline\\Pipeline.php(167): Illuminate\\Cookie\\Middleware\\AddQueuedCookiesToResponse->handle(Object(Illuminate\\Http\\Request), Object(Closure))
#23 C:\\xampp\\htdocs\\GyL4\\Trabajofinal\\vendor\\laravel\\framework\\src\\Illuminate\\Cookie\\Middleware\\EncryptCookies.php(67): Illuminate\\Pipeline\\Pipeline->Illuminate\\Pipeline\\{closure}(Object(Illuminate\\Http\\Request))
#24 C:\\xampp\\htdocs\\GyL4\\Trabajofinal\\vendor\\laravel\\framework\\src\\Illuminate\\Pipeline\\Pipeline.php(167): Illuminate\\Cookie\\Middleware\\EncryptCookies->handle(Object(Illuminate\\Http\\Request), Object(Closure))
#25 C:\\xampp\\htdocs\\GyL4\\Trabajofinal\\vendor\\laravel\\framework\\src\\Illuminate\\Pipeline\\Pipeline.php(103): Illuminate\\Pipeline\\Pipeline->Illuminate\\Pipeline\\{closure}(Object(Illuminate\\Http\\Request))
#26 C:\\xampp\\htdocs\\GyL4\\Trabajofinal\\vendor\\laravel\\framework\\src\\Illuminate\\Routing\\Router.php(697): Illuminate\\Pipeline\\Pipeline->then(Object(Closure))
#27 C:\\xampp\\htdocs\\GyL4\\Trabajofinal\\vendor\\laravel\\framework\\src\\Illuminate\\Routing\\Router.php(672): Illuminate\\Routing\\Router->runRouteWithinStack(Object(Illuminate\\Routing\\Route), Object(Illuminate\\Http\\Request))
#28 C:\\xampp\\htdocs\\GyL4\\Trabajofinal\\vendor\\laravel\\framework\\src\\Illuminate\\Routing\\Router.php(636): Illuminate\\Routing\\Router->runRoute(Object(Illuminate\\Http\\Request), Object(Illuminate\\Routing\\Route))
#29 C:\\xampp\\htdocs\\GyL4\\Trabajofinal\\vendor\\laravel\\framework\\src\\Illuminate\\Routing\\Router.php(625): Illuminate\\Routing\\Router->dispatchToRoute(Object(Illuminate\\Http\\Request))
#30 C:\\xampp\\htdocs\\GyL4\\Trabajofinal\\vendor\\laravel\\framework\\src\\Illuminate\\Foundation\\Http\\Kernel.php(167): Illuminate\\Routing\\Router->dispatch(Object(Illuminate\\Http\\Request))
#31 C:\\xampp\\htdocs\\GyL4\\Trabajofinal\\vendor\\laravel\\framework\\src\\Illuminate\\Pipeline\\Pipeline.php(128): Illuminate\\Foundation\\Http\\Kernel->Illuminate\\Foundation\\Http\\{closure}(Object(Illuminate\\Http\\Request))
#32 C:\\xampp\\htdocs\\GyL4\\Trabajofinal\\vendor\\laravel\\framework\\src\\Illuminate\\Foundation\\Http\\Middleware\\TransformsRequest.php(21): Illuminate\\Pipeline\\Pipeline->Illuminate\\Pipeline\\{closure}(Object(Illuminate\\Http\\Request))
#33 C:\\xampp\\htdocs\\GyL4\\Trabajofinal\\vendor\\laravel\\framework\\src\\Illuminate\\Foundation\\Http\\Middleware\\ConvertEmptyStringsToNull.php(31): Illuminate\\Foundation\\Http\\Middleware\\TransformsRequest->handle(Object(Illuminate\\Http\\Request), Object(Closure))
#34 C:\\xampp\\htdocs\\GyL4\\Trabajofinal\\vendor\\laravel\\framework\\src\\Illuminate\\Pipeline\\Pipeline.php(167): Illuminate\\Foundation\\Http\\Middleware\\ConvertEmptyStringsToNull->handle(Object(Illuminate\\Http\\Request), Object(Closure))
#35 C:\\xampp\\htdocs\\GyL4\\Trabajofinal\\vendor\\laravel\\framework\\src\\Illuminate\\Foundation\\Http\\Middleware\\TransformsRequest.php(21): Illuminate\\Pipeline\\Pipeline->Illuminate\\Pipeline\\{closure}(Object(Illuminate\\Http\\Request))
#36 C:\\xampp\\htdocs\\GyL4\\Trabajofinal\\vendor\\laravel\\framework\\src\\Illuminate\\Foundation\\Http\\Middleware\\TrimStrings.php(40): Illuminate\\Foundation\\Http\\Middleware\\TransformsRequest->handle(Object(Illuminate\\Http\\Request), Object(Closure))
#37 C:\\xampp\\htdocs\\GyL4\\Trabajofinal\\vendor\\laravel\\framework\\src\\Illuminate\\Pipeline\\Pipeline.php(167): Illuminate\\Foundation\\Http\\Middleware\\TrimStrings->handle(Object(Illuminate\\Http\\Request), Object(Closure))
#38 C:\\xampp\\htdocs\\GyL4\\Trabajofinal\\vendor\\laravel\\framework\\src\\Illuminate\\Foundation\\Http\\Middleware\\ValidatePostSize.php(27): Illuminate\\Pipeline\\Pipeline->Illuminate\\Pipeline\\{closure}(Object(Illuminate\\Http\\Request))
#39 C:\\xampp\\htdocs\\GyL4\\Trabajofinal\\vendor\\laravel\\framework\\src\\Illuminate\\Pipeline\\Pipeline.php(167): Illuminate\\Foundation\\Http\\Middleware\\ValidatePostSize->handle(Object(Illuminate\\Http\\Request), Object(Closure))
#40 C:\\xampp\\htdocs\\GyL4\\Trabajofinal\\vendor\\laravel\\framework\\src\\Illuminate\\Foundation\\Http\\Middleware\\PreventRequestsDuringMaintenance.php(86): Illuminate\\Pipeline\\Pipeline->Illuminate\\Pipeline\\{closure}(Object(Illuminate\\Http\\Request))
#41 C:\\xampp\\htdocs\\GyL4\\Trabajofinal\\vendor\\laravel\\framework\\src\\Illuminate\\Pipeline\\Pipeline.php(167): Illuminate\\Foundation\\Http\\Middleware\\PreventRequestsDuringMaintenance->handle(Object(Illuminate\\Http\\Request), Object(Closure))
#42 C:\\xampp\\htdocs\\GyL4\\Trabajofinal\\vendor\\fruitcake\\laravel-cors\\src\\HandleCors.php(38): Illuminate\\Pipeline\\Pipeline->Illuminate\\Pipeline\\{closure}(Object(Illuminate\\Http\\Request))
#43 C:\\xampp\\htdocs\\GyL4\\Trabajofinal\\vendor\\laravel\\framework\\src\\Illuminate\\Pipeline\\Pipeline.php(167): Fruitcake\\Cors\\HandleCors->handle(Object(Illuminate\\Http\\Request), Object(Closure))
#44 C:\\xampp\\htdocs\\GyL4\\Trabajofinal\\vendor\\laravel\\framework\\src\\Illuminate\\Http\\Middleware\\TrustProxies.php(39): Illuminate\\Pipeline\\Pipeline->Illuminate\\Pipeline\\{closure}(Object(Illuminate\\Http\\Request))
#45 C:\\xampp\\htdocs\\GyL4\\Trabajofinal\\vendor\\laravel\\framework\\src\\Illuminate\\Pipeline\\Pipeline.php(167): Illuminate\\Http\\Middleware\\TrustProxies->handle(Object(Illuminate\\Http\\Request), Object(Closure))
#46 C:\\xampp\\htdocs\\GyL4\\Trabajofinal\\vendor\\laravel\\framework\\src\\Illuminate\\Pipeline\\Pipeline.php(103): Illuminate\\Pipeline\\Pipeline->Illuminate\\Pipeline\\{closure}(Object(Illuminate\\Http\\Request))
#47 C:\\xampp\\htdocs\\GyL4\\Trabajofinal\\vendor\\laravel\\framework\\src\\Illuminate\\Foundation\\Http\\Kernel.php(142): Illuminate\\Pipeline\\Pipeline->then(Object(Closure))
#48 C:\\xampp\\htdocs\\GyL4\\Trabajofinal\\vendor\\laravel\\framework\\src\\Illuminate\\Foundation\\Http\\Kernel.php(111): Illuminate\\Foundation\\Http\\Kernel->sendRequestThroughRouter(Object(Illuminate\\Http\\Request))
#49 C:\\xampp\\htdocs\\GyL4\\Trabajofinal\\public\\index.php(52): Illuminate\\Foundation\\Http\\Kernel->handle(Object(Illuminate\\Http\\Request))
#50 {main}

[previous exception] [object] (ErrorException(code: 0): Uninitialized string offset 65 at C:\\xampp\\htdocs\\GyL4\\Trabajofinal\esources\\views\\manejoarchivo.php:65)
[stacktrace]
#0 C:\\xampp\\htdocs\\GyL4\\Trabajofinal\esources\\views\\manejoarchivo.php(65): Illuminate\\Foundation\\Bootstrap\\HandleExceptions->handleError(2, 'Uninitialized s...', 'C:\\\\xampp\\\\htdocs...', 65)
#1 C:\\xampp\\htdocs\\GyL4\\Trabajofinal\esources\\views\ecepcion.php(45): distribucion('coordenadas.txt')
#2 C:\\xampp\\htdocs\\GyL4\\Trabajofinal\\vendor\\laravel\\framework\\src\\Illuminate\\Filesystem\\Filesystem.php(107): require('C:\\\\xampp\\\\htdocs...')
#3 C:\\xampp\\htdocs\\GyL4\\Trabajofinal\\vendor\\laravel\\framework\\src\\Illuminate\\Filesystem\\Filesystem.php(108): Illuminate\\Filesystem\\Filesystem::Illuminate\\Filesystem\\{closure}()
#4 C:\\xampp\\htdocs\\GyL4\\Trabajofinal\\vendor\\laravel\\framework\\src\\Illuminate\\View\\Engines\\PhpEngine.php(58): Illuminate\\Filesystem\\Filesystem->getRequire('C:\\\\xampp\\\\htdocs...', Array)
#5 C:\\xampp\\htdocs\\GyL4\\Trabajofinal\\vendor\\laravel\\framework\\src\\Illuminate\\View\\Engines\\PhpEngine.php(38): Illuminate\\View\\Engines\\PhpEngine->evaluatePath('C:\\\\xampp\\\\htdocs...', Array)
#6 C:\\xampp\\htdocs\\GyL4\\Trabajofinal\\vendor\\facade\\ignition\\src\\Views\\Engines\\PhpEngine.php(25): Illuminate\\View\\Engines\\PhpEngine->get('C:\\\\xampp\\\\htdocs...', Array)
#7 C:\\xampp\\htdocs\\GyL4\\Trabajofinal\\vendor\\laravel\\framework\\src\\Illuminate\\View\\View.php(139): Facade\\Ignition\\Views\\Engines\\PhpEngine->get('C:\\\\xampp\\\\htdocs...', Array)
#8 C:\\xampp\\htdocs\\GyL4\\Trabajofinal\\vendor\\laravel\\framework\\src\\Illuminate\\View\\View.php(122): Illuminate\\View\\View->getContents()
#9 C:\\xampp\\htdocs\\GyL4\\Trabajofinal\\vendor\\laravel\\framework\\src\\Illuminate\\View\\View.php(91): Illuminate\\View\\View->renderContents()
#10 C:\\xampp\\htdocs\\GyL4\\Trabajofinal\\vendor\\laravel\\framework\\src\\Illuminate\\Http\\Response.php(69): Illuminate\\View\\View->render()
#11 C:\\xampp\\htdocs\\GyL4\\Trabajofinal\\vendor\\laravel\\framework\\src\\Illuminate\\Http\\Response.php(35): Illuminate\\Http\\Response->setContent(Object(Illuminate\\View\\View))
#12 C:\\xampp\\htdocs\\GyL4\\Trabajofinal\\vendor\\laravel\\framework\\src\\Illuminate\\Routing\\Router.php(794): Illuminate\\Http\\Response->__construct(Object(Illuminate\\View\\View), 200, Array)
#13 C:\\xampp\\htdocs\\GyL4\\Trabajofinal\\vendor\\laravel\\framework\\src\\Illuminate\\Routing\\Router.php(763): Illuminate\\Routing\\Router::toResponse(Object(Illuminate\\Http\\Request), Object(Illuminate\\View\\View))
#14 C:\\xampp\\htdocs\\GyL4\\Trabajofinal\\vendor\\laravel\\framework\\src\\Illuminate\\Routing\\Router.php(695): Illuminate\\Routing\\Router->prepareResponse(Object(Illuminate\\Http\\Request), Object(Illuminate\\View\\View))
#15 C:\\xampp\\htdocs\\GyL4\\Trabajofinal\\vendor\\laravel\\framework\\src\\Illuminate\\Pipeline\\Pipeline.php(128): Illuminate\\Routing\\Router->Illuminate\\Routing\\{closure}(Object(Illuminate\\Http\\Request))
#16 C:\\xampp\\htdocs\\GyL4\\Trabajofinal\\vendor\\laravel\\framework\\src\\Illuminate\\Routing\\Middleware\\SubstituteBindings.php(50): Illuminate\\Pipeline\\Pipeline->Illuminate\\Pipeline\\{closure}(Object(Illuminate\\Http\\Request))
#17 C:\\xampp\\htdocs\\GyL4\\Trabajofinal\\vendor\\laravel\\framework\\src\\Illuminate\\Pipeline\\Pipeline.php(167): Illuminate\\Routing\\Middleware\\SubstituteBindings->handle(Object(Illuminate\\Http\\Request), Object(Closure))
#18 C:\\xampp\\htdocs\\GyL4\\Trabajofinal\\vendor\\laravel\\framework\\src\\Illuminate\\Foundation\\Http\\Middleware\\VerifyCsrfToken.php(78): Illuminate\\Pipeline\\Pipeline->Illuminate\\Pipeline\\{closure}(Object(Illuminate\\Http\\Request))
#19 C:\\xampp\\htdocs\\GyL4\\Trabajofinal\\vendor\\laravel\\framework\\src\\Illuminate\\Pipeline\\Pipeline.php(167): Illuminate\\Foundation\\Http\\Middleware\\VerifyCsrfToken->handle(Object(Illuminate\\Http\\Request), Object(Closure))
#20 C:\\xampp\\htdocs\\GyL4\\Trabajofinal\\vendor\\laravel\\framework\\src\\Illuminate\\View\\Middleware\\ShareErrorsFromSession.php(49): Illuminate\\Pipeline\\Pipeline->Illuminate\\Pipeline\\{closure}(Object(Illuminate\\Http\\Request))
#21 C:\\xampp\\htdocs\\GyL4\\Trabajofinal\\vendor\\laravel\\framework\\src\\Illuminate\\Pipeline\\Pipeline.php(167): Illuminate\\View\\Middleware\\ShareErrorsFromSession->handle(Object(Illuminate\\Http\\Request), Object(Closure))
#22 C:\\xampp\\htdocs\\GyL4\\Trabajofinal\\vendor\\laravel\\framework\\src\\Illuminate\\Session\\Middleware\\StartSession.php(121): Illuminate\\Pipeline\\Pipeline->Illuminate\\Pipeline\\{closure}(Object(Illuminate\\Http\\Request))
#23 C:\\xampp\\htdocs\\GyL4\\Trabajofinal\\vendor\\laravel\\framework\\src\\Illuminate\\Session\\Middleware\\StartSession.php(64): Illuminate\\Session\\Middleware\\StartSession->handleStatefulRequest(Object(Illuminate\\Http\\Request), Object(Illuminate\\Session\\Store), Object(Closure))
#24 C:\\xampp\\htdocs\\GyL4\\Trabajofinal\\vendor\\laravel\\framework\\src\\Illuminate\\Pipeline\\Pipeline.php(167): Illuminate\\Session\\Middleware\\StartSession->handle(Object(Illuminate\\Http\\Request), Object(Closure))
#25 C:\\xampp\\htdocs\\GyL4\\Trabajofinal\\vendor\\laravel\\framework\\src\\Illuminate\\Cookie\\Middleware\\AddQueuedCookiesToResponse.php(37): Illuminate\\Pipeline\\Pipeline->Illuminate\\Pipeline\\{closure}(Object(Illuminate\\Http\\Request))
#26 C:\\xampp\\htdocs\\GyL4\\Trabajofinal\\vendor\\laravel\\framework\\src\\Illuminate\\Pipeline\\Pipeline.php(167): Illuminate\\Cookie\\Middleware\\AddQueuedCookiesToResponse->handle(Object(Illuminate\\Http\\Request), Object(Closure))
#27 C:\\xampp\\htdocs\\GyL4\\Trabajofinal\\vendor\\laravel\\framework\\src\\Illuminate\\Cookie\\Middleware\\EncryptCookies.php(67): Illuminate\\Pipeline\\Pipeline->Illuminate\\Pipeline\\{closure}(Object(Illuminate\\Http\\Request))
#28 C:\\xampp\\htdocs\\GyL4\\Trabajofinal\\vendor\\laravel\\framework\\src\\Illuminate\\Pipeline\\Pipeline.php(167): Illuminate\\Cookie\\Middleware\\EncryptCookies->handle(Object(Illuminate\\Http\\Request), Object(Closure))
#29 C:\\xampp\\htdocs\\GyL4\\Trabajofinal\\vendor\\laravel\\framework\\src\\Illuminate\\Pipeline\\Pipeline.php(103): Illuminate\\Pipeline\\Pipeline->Illuminate\\Pipeline\\{closure}(Object(Illuminate\\Http\\Request))
#30 C:\\xampp\\htdocs\\GyL4\\Trabajofinal\\vendor\\laravel\\framework\\src\\Illuminate\\Routing\\Router.php(697): Illuminate\\Pipeline\\Pipeline->then(Object(Closure))
#31 C:\\xampp\\htdocs\\GyL4\\Trabajofinal\\vendor\\laravel\\framework\\src\\Illuminate\\Routing\\Router.php(672): Illuminate\\Routing\\Router->runRouteWithinStack(Object(Illuminate\\Routing\\Route), Object(Illuminate\\Http\\Request))
#32 C:\\xampp\\htdocs\\GyL4\\Trabajofinal\\vendor\\laravel\\framework\\src\\Illuminate\\Routing\\Router.php(636): Illuminate\\Routing\\Router->runRoute(Object(Illuminate\\Http\\Request), Object(Illuminate\\Routing\\Route))
#33 C:\\xampp\\htdocs\\GyL4\\Trabajofinal\\vendor\\laravel\\framework\\src\\Illuminate\\Routing\\Router.php(625): Illuminate\\Routing\\Router->dispatchToRoute(Object(Illuminate\\Http\\Request))
#34 C:\\xampp\\htdocs\\GyL4\\Trabajofinal\\vendor\\laravel\\framework\\src\\Illuminate\\Foundation\\Http\\Kernel.php(167): Illuminate\\Routing\\Router->dispatch(Object(Illuminate\\Http\\Request))
#35 C:\\xampp\\htdocs\\GyL4\\Trabajofinal\\vendor\\laravel\\framework\\src\\Illuminate\\Pipeline\\Pipeline.php(128): Illuminate\\Foundation\\Http\\Kernel->Illuminate\\Foundation\\Http\\{closure}(Object(Illuminate\\Http\\Request))
#36 C:\\xampp\\htdocs\\GyL4\\Trabajofinal\\vendor\\laravel\\framework\\src\\Illuminate\\Foundation\\Http\\Middleware\\TransformsRequest.php(21): Illuminate\\Pipeline\\Pipeline->Illuminate\\Pipeline\\{closure}(Object(Illuminate\\Http\\Request))
#37 C:\\xampp\\htdocs\\GyL4\\Trabajofinal\\vendor\\laravel\\framework\\src\\Illuminate\\Foundation\\Http\\Middleware\\ConvertEmptyStringsToNull.php(31): Illuminate\\Foundation\\Http\\Middleware\\TransformsRequest->handle(Object(Illuminate\\Http\\Request), Object(Closure))
#38 C:\\xampp\\htdocs\\GyL4\\Trabajofinal\\vendor\\laravel\\framework\\src\\Illuminate\\Pipeline\\Pipeline.php(167): Illuminate\\Foundation\\Http\\Middleware\\ConvertEmptyStringsToNull->handle(Object(Illuminate\\Http\\Request), Object(Closure))
#39 C:\\xampp\\htdocs\\GyL4\\Trabajofinal\\vendor\\laravel\\framework\\src\\Illuminate\\Foundation\\Http\\Middleware\\TransformsRequest.php(21): Illuminate\\Pipeline\\Pipeline->Illuminate\\Pipeline\\{closure}(Object(Illuminate\\Http\\Request))
#40 C:\\xampp\\htdocs\\GyL4\\Trabajofinal\\vendor\\laravel\\framework\\src\\Illuminate\\Foundation\\Http\\Middleware\\TrimStrings.php(40): Illuminate\\Foundation\\Http\\Middleware\\TransformsRequest->handle(Object(Illuminate\\Http\\Request), Object(Closure))
#41 C:\\xampp\\htdocs\\GyL4\\Trabajofinal\\vendor\\laravel\\framework\\src\\Illuminate\\Pipeline\\Pipeline.php(167): Illuminate\\Foundation\\Http\\Middleware\\TrimStrings->handle(Object(Illuminate\\Http\\Request), Object(Closure))
#42 C:\\xampp\\htdocs\\GyL4\\Trabajofinal\\vendor\\laravel\\framework\\src\\Illuminate\\Foundation\\Http\\Middleware\\ValidatePostSize.php(27): Illuminate\\Pipeline\\Pipeline->Illuminate\\Pipeline\\{closure}(Object(Illuminate\\Http\\Request))
#43 C:\\xampp\\htdocs\\GyL4\\Trabajofinal\\vendor\\laravel\\framework\\src\\Illuminate\\Pipeline\\Pipeline.php(167): Illuminate\\Foundation\\Http\\Middleware\\ValidatePostSize->handle(Object(Illuminate\\Http\\Request), Object(Closure))
#44 C:\\xampp\\htdocs\\GyL4\\Trabajofinal\\vendor\\laravel\\framework\\src\\Illuminate\\Foundation\\Http\\Middleware\\PreventRequestsDuringMaintenance.php(86): Illuminate\\Pipeline\\Pipeline->Illuminate\\Pipeline\\{closure}(Object(Illuminate\\Http\\Request))
#45 C:\\xampp\\htdocs\\GyL4\\Trabajofinal\\vendor\\laravel\\framework\\src\\Illuminate\\Pipeline\\Pipeline.php(167): Illuminate\\Foundation\\Http\\Middleware\\PreventRequestsDuringMaintenance->handle(Object(Illuminate\\Http\\Request), Object(Closure))
#46 C:\\xampp\\htdocs\\GyL4\\Trabajofinal\\vendor\\fruitcake\\laravel-cors\\src\\HandleCors.php(38): Illuminate\\Pipeline\\Pipeline->Illuminate\\Pipeline\\{closure}(Object(Illuminate\\Http\\Request))
#47 C:\\xampp\\htdocs\\GyL4\\Trabajofinal\\vendor\\laravel\\framework\\src\\Illuminate\\Pipeline\\Pipeline.php(167): Fruitcake\\Cors\\HandleCors->handle(Object(Illuminate\\Http\\Request), Object(Closure))
#48 C:\\xampp\\htdocs\\GyL4\\Trabajofinal\\vendor\\laravel\\framework\\src\\Illuminate\\Http\\Middleware\\TrustProxies.php(39): Illuminate\\Pipeline\\Pipeline->Illuminate\\Pipeline\\{closure}(Object(Illuminate\\Http\\Request))
#49 C:\\xampp\\htdocs\\GyL4\\Trabajofinal\\vendor\\laravel\\framework\\src\\Illuminate\\Pipeline\\Pipeline.php(167): Illuminate\\Http\\Middleware\\TrustProxies->handle(Object(Illuminate\\Http\\Request), Object(Closure))
#50 C:\\xampp\\htdocs\\GyL4\\Trabajofinal\\vendor\\laravel\\framework\\src\\Illuminate\\Pipeline\\Pipeline.php(103): Illuminate\\Pipeline\\Pipeline->Illuminate\\Pipeline\\{closure}(Object(Illuminate\\Http\\Request))
#51 C:\\xampp\\htdocs\\GyL4\\Trabajofinal\\vendor\\laravel\\framework\\src\\Illuminate\\Foundation\\Http\\Kernel.php(142): Illuminate\\Pipeline\\Pipeline->then(Object(Closure))
#52 C:\\xampp\\htdocs\\GyL4\\Trabajofinal\\vendor\\laravel\\framework\\src\\Illuminate\\Foundation\\Http\\Kernel.php(111): Illuminate\\Foundation\\Http\\Kernel->sendRequestThroughRouter(Object(Illuminate\\Http\\Request))
#53 C:\\xampp\\htdocs\\GyL4\\Trabajofinal\\public\\index.php(52): Illuminate\\Foundation\\Http\\Kernel->handle(Object(Illuminate\\Http\\Request))
#54 {main}
"} 
[2021-12-05 23:21:04] local.INFO: Obtencion de archivos  
[2021-12-05 23:21:04] local.INFO: Archivo 1 ingresado correctamente  
[2021-12-05 23:21:04] local.INFO: Su archivo es un documento de texto  
[2021-12-05 23:21:04] local.INFO: Documento de texto guardado correctamente  
[2021-12-05 23:21:04] local.INFO: Archivo 2 ingresado correctamente  
[2021-12-05 23:21:04] local.INFO: Su archivo es un documento de texto  
[2021-12-05 23:21:04] local.INFO: Documento de texto guardado correctamente  
[2021-12-05 23:21:04] local.INFO: lectura de archivo iniciada  
[2021-12-05 23:21:04] local.INFO: Punto 1: 10 6  
[2021-12-05 23:21:04] local.INFO: Punto 2: -1 -96  
[2021-12-05 23:21:04] local.INFO: Punto 3: 60 13  
[2021-12-05 23:21:04] local.INFO: Punto 4: 20 300  
[2021-12-05 23:21:04] local.INFO: cordenadas de c: -2 77  
[2021-12-05 23:21:04] local.INFO: cordenadas de c: 5 48  
[2021-12-05 23:21:04] local.INFO: cordenadas de c: 90 -7590068  
[2021-12-05 23:21:04] local.INFO: lectura de archivo iniciada  
[2021-12-05 23:21:04] local.INFO: demandas: 1 1  
[2021-12-05 23:21:04] local.INFO: cantidad de demanda: 230  
[2021-12-05 23:21:04] local.INFO: demandas: 1 2  
[2021-12-05 23:21:04] local.INFO: cantidad de demanda: 391  
[2021-12-05 23:21:04] local.INFO: demandas: 3 1  
[2021-12-05 23:21:04] local.INFO: cantidad de demanda: 21  
[2021-12-05 23:21:04] local.INFO: Distancia calculada  
[2021-12-05 23:21:04] local.INFO: Distancia calculada  
[2021-12-05 23:21:04] local.INFO: Distancia calculada  
[2021-12-05 23:21:04] local.INFO: Distancia calculada  
[2021-12-05 23:21:04] local.INFO: Demandas ordenadas  
[2021-12-05 23:21:04] local.INFO: Demandas separadas  
[2021-12-05 23:21:04] local.INFO: Demandas ordenadas  
[2021-12-05 23:21:04] local.INFO: Distancia calculada  
[2021-12-05 23:21:04] local.INFO: Caminos generados  
[2021-12-05 23:21:04] local.INFO: Demandas ordenadas  
[2021-12-05 23:21:04] local.INFO: Caminos generados  
[2021-12-05 23:21:04] local.INFO: Resultados generados, imprimiendo  
